============================= test session starts ==============================
platform linux -- Python 3.10.12, pytest-9.0.1, pluggy-1.6.0 -- /home/lupax/Documents/ufrj/itm/ITM/.venv/bin/python3
cachedir: .pytest_cache
rootdir: /home/lupax/Documents/ufrj/itm/ITM
configfile: pytest.ini
testpaths: tests/unit, tests/integration
plugins: cov-7.0.0
collecting ... collected 21 items

tests/unit/test_elements_capacitor.py::test_capacitor_be_stamp PASSED    [  4%]
tests/unit/test_elements_capacitor.py::test_capacitor_trap_stamp PASSED  [  9%]
tests/unit/test_elements_capacitor.py::test_capacitor_be_initial_condition_voltage PASSED [ 14%]
tests/unit/test_elements_current_source.py::test_current_source_stamp_dc PASSED [ 19%]
tests/unit/test_elements_inductor.py::test_inductor_stamp_transient_backward_euler PASSED [ 23%]
tests/unit/test_elements_inductor.py::test_inductor_be_initial_condition_current PASSED [ 28%]
tests/unit/test_elements_nonlinear.py::test_diode_shockley_math PASSED   [ 33%]
tests/unit/test_elements_nonlinear.py::test_diode_clamp_safety PASSED    [ 38%]
tests/unit/test_elements_nonlinear.py::test_nonlinear_resistor_segment_selection PASSED [ 42%]
tests/unit/test_elements_resistor.py::test_resistor_stamp_dc PASSED      [ 47%]
tests/unit/test_elements_voltage_source.py::test_voltage_source_augments_mna PASSED [ 52%]
tests/unit/test_parser_full.py::test_parser_reads_all_supported_elements PASSED [ 57%]
tests/unit/test_parser_oop.py::test_parser_builds_elements PASSED        [ 61%]
tests/integration/test_dc_simple.py::test_dc_simple PASSED               [ 66%]
tests/integration/test_dc_vdc_divider.py::test_dc_vdc_divider_nodes PASSED [ 71%]
tests/integration/test_nonlinear.py::test_diode_series_circuit PASSED    [ 76%]
tests/integration/test_nonlinear.py::test_nonlinear_resistor_divider PASSED [ 80%]
tests/integration/test_nonlinear.py::test_diode_convergence_failure PASSED [ 85%]
tests/integration/test_tran_current_source.py::test_tran_current_source_resistor_peak_voltage PASSED [ 90%]
tests/integration/test_tran_rc_sine.py::test_tran_rc_sine_parallel_amplitude PASSED [ 95%]
tests/integration/test_transient_rc_basic.py::test_transient_rc_step PASSED [100%]

============================== 21 passed in 0.29s ==============================
